TN:
SF:/home/iqmsoft/scala/SpringBootScalaSqlAng22/src/main/resources/public/app/app.component.ts
FN:2,(anonymous_1)
FN:8,(anonymous_2)
FN:14,(anonymous_3)
FN:15,AppComponent
FNF:4
FNH:4
FNDA:1,(anonymous_1)
FNDA:1,(anonymous_2)
FNDA:1,(anonymous_3)
FNDA:9,AppComponent
DA:2,1
DA:3,1
DA:4,1
DA:5,2
DA:6,1
DA:8,1
DA:9,1
DA:11,1
DA:12,1
DA:13,1
DA:14,1
DA:15,1
DA:16,9
DA:17,9
DA:19,1
DA:21,1
DA:28,1
LF:17
LH:17
BRDA:2,1,0,1
BRDA:2,1,1,1
BRDA:2,1,2,1
BRDA:3,2,0,1
BRDA:3,2,1,0
BRDA:3,3,0,0
BRDA:3,3,1,0
BRDA:4,4,0,0
BRDA:4,4,1,1
BRDA:4,5,0,1
BRDA:4,5,1,1
BRDA:5,6,0,2
BRDA:5,6,1,0
BRDA:5,7,0,2
BRDA:5,7,1,1
BRDA:5,8,0,2
BRDA:5,8,1,0
BRDA:5,9,0,0
BRDA:5,9,1,0
BRDA:6,10,0,1
BRDA:6,10,1,0
BRDA:6,10,2,0
BRDA:8,11,0,1
BRDA:8,11,1,1
BRDA:8,11,2,1
BRDA:9,12,0,1
BRDA:9,12,1,0
BRDA:9,13,0,1
BRDA:9,13,1,1
BRF:29
BRH:18
end_of_record
TN:
SF:/home/iqmsoft/scala/SpringBootScalaSqlAng22/src/main/resources/public/app/dashboard.component.ts
FN:2,(anonymous_1)
FN:8,(anonymous_2)
FN:13,(anonymous_3)
FN:14,DashboardComponent
FN:17,(anonymous_5)
FN:32,(anonymous_6)
FN:37,(anonymous_7)
FN:43,(anonymous_8)
FN:44,(anonymous_9)
FN:59,(anonymous_10)
FN:69,(anonymous_11)
FN:73,(anonymous_12)
FNF:12
FNH:6
FNDA:1,(anonymous_1)
FNDA:1,(anonymous_2)
FNDA:1,(anonymous_3)
FNDA:3,DashboardComponent
FNDA:0,(anonymous_5)
FNDA:0,(anonymous_6)
FNDA:1,(anonymous_7)
FNDA:0,(anonymous_8)
FNDA:0,(anonymous_9)
FNDA:0,(anonymous_10)
FNDA:1,(anonymous_11)
FNDA:0,(anonymous_12)
DA:2,1
DA:3,1
DA:4,1
DA:5,2
DA:6,1
DA:8,1
DA:9,1
DA:11,1
DA:12,1
DA:13,1
DA:14,1
DA:15,3
DA:16,3
DA:17,3
DA:19,0
DA:20,0
DA:21,0
DA:22,0
DA:23,0
DA:24,0
DA:30,0
DA:32,3
DA:33,0
DA:34,0
DA:37,1
DA:38,1
DA:39,1
DA:43,0
DA:44,0
DA:59,1
DA:60,0
DA:61,0
DA:64,1
DA:69,1
DA:70,1
DA:71,1
DA:72,1
DA:73,1
DA:75,0
DA:77,1
DA:79,1
DA:81,1
DA:87,1
LF:43
LH:29
BRDA:2,1,0,1
BRDA:2,1,1,1
BRDA:2,1,2,1
BRDA:3,2,0,1
BRDA:3,2,1,0
BRDA:3,3,0,0
BRDA:3,3,1,0
BRDA:4,4,0,0
BRDA:4,4,1,1
BRDA:4,5,0,1
BRDA:4,5,1,1
BRDA:5,6,0,2
BRDA:5,6,1,0
BRDA:5,7,0,2
BRDA:5,7,1,1
BRDA:5,8,0,2
BRDA:5,8,1,0
BRDA:5,9,0,0
BRDA:5,9,1,0
BRDA:6,10,0,1
BRDA:6,10,1,0
BRDA:6,10,2,0
BRDA:8,11,0,1
BRDA:8,11,1,1
BRDA:8,11,2,1
BRDA:9,12,0,1
BRDA:9,12,1,0
BRDA:9,13,0,1
BRDA:9,13,1,1
BRF:29
BRH:18
end_of_record
TN:
SF:/home/iqmsoft/scala/SpringBootScalaSqlAng22/src/main/resources/public/app/poll.list.component.ts
FN:2,(anonymous_1)
FN:8,(anonymous_2)
FN:14,(anonymous_3)
FN:15,PollListComponent
FN:19,(anonymous_5)
FN:22,(anonymous_6)
FN:26,(anonymous_7)
FN:28,(anonymous_8)
FN:33,(anonymous_9)
FN:41,(anonymous_10)
FN:45,(anonymous_11)
FN:53,(anonymous_12)
FNF:12
FNH:6
FNDA:1,(anonymous_1)
FNDA:1,(anonymous_2)
FNDA:1,(anonymous_3)
FNDA:4,PollListComponent
FNDA:0,(anonymous_5)
FNDA:0,(anonymous_6)
FNDA:1,(anonymous_7)
FNDA:0,(anonymous_8)
FNDA:0,(anonymous_9)
FNDA:2,(anonymous_10)
FNDA:0,(anonymous_11)
FNDA:0,(anonymous_12)
DA:2,1
DA:3,1
DA:4,1
DA:5,2
DA:6,1
DA:8,1
DA:9,1
DA:11,1
DA:12,1
DA:13,1
DA:14,1
DA:15,1
DA:16,4
DA:17,4
DA:18,4
DA:19,4
DA:20,0
DA:22,4
DA:23,0
DA:26,1
DA:27,1
DA:28,1
DA:29,0
DA:30,0
DA:31,0
DA:32,0
DA:36,1
DA:41,1
DA:42,2
DA:43,2
DA:44,2
DA:45,2
DA:46,0
DA:48,0
DA:49,0
DA:51,2
DA:53,1
DA:55,0
DA:56,0
DA:58,1
DA:60,1
DA:67,1
LF:42
LH:31
BRDA:2,1,0,1
BRDA:2,1,1,1
BRDA:2,1,2,1
BRDA:3,2,0,1
BRDA:3,2,1,0
BRDA:3,3,0,0
BRDA:3,3,1,0
BRDA:4,4,0,0
BRDA:4,4,1,1
BRDA:4,5,0,1
BRDA:4,5,1,1
BRDA:5,6,0,2
BRDA:5,6,1,0
BRDA:5,7,0,2
BRDA:5,7,1,1
BRDA:5,8,0,2
BRDA:5,8,1,0
BRDA:5,9,0,0
BRDA:5,9,1,0
BRDA:6,10,0,1
BRDA:6,10,1,0
BRDA:6,10,2,0
BRDA:8,11,0,1
BRDA:8,11,1,1
BRDA:8,11,2,1
BRDA:9,12,0,1
BRDA:9,12,1,0
BRDA:9,13,0,1
BRDA:9,13,1,1
BRF:29
BRH:18
end_of_record
TN:
SF:/home/iqmsoft/scala/SpringBootScalaSqlAng22/src/main/resources/public/app/poll.component.ts
FN:2,(anonymous_1)
FN:8,(anonymous_2)
FN:14,(anonymous_3)
FN:15,PollComponent
FN:18,(anonymous_5)
FN:22,(anonymous_6)
FN:26,(anonymous_7)
FN:29,(anonymous_8)
FN:35,(anonymous_9)
FNF:9
FNH:4
FNDA:3,(anonymous_1)
FNDA:3,(anonymous_2)
FNDA:1,(anonymous_3)
FNDA:10,PollComponent
FNDA:0,(anonymous_5)
FNDA:0,(anonymous_6)
FNDA:0,(anonymous_7)
FNDA:0,(anonymous_8)
FNDA:0,(anonymous_9)
DA:2,1
DA:3,3
DA:4,3
DA:5,6
DA:6,3
DA:8,1
DA:9,3
DA:11,1
DA:12,1
DA:13,1
DA:14,1
DA:15,1
DA:16,10
DA:17,10
DA:18,10
DA:19,0
DA:22,1
DA:24,0
DA:26,1
DA:27,0
DA:29,1
DA:30,0
DA:31,0
DA:32,0
DA:33,0
DA:34,0
DA:36,0
DA:39,1
DA:41,1
DA:45,1
DA:49,1
DA:57,1
LF:32
LH:23
BRDA:2,1,0,1
BRDA:2,1,1,1
BRDA:2,1,2,1
BRDA:3,2,0,1
BRDA:3,2,1,2
BRDA:3,3,0,0
BRDA:3,3,1,2
BRDA:4,4,0,0
BRDA:4,4,1,3
BRDA:4,5,0,3
BRDA:4,5,1,3
BRDA:5,6,0,6
BRDA:5,6,1,0
BRDA:5,7,0,6
BRDA:5,7,1,5
BRDA:5,8,0,2
BRDA:5,8,1,4
BRDA:5,9,0,4
BRDA:5,9,1,0
BRDA:6,10,0,3
BRDA:6,10,1,2
BRDA:6,10,2,0
BRDA:8,11,0,1
BRDA:8,11,1,1
BRDA:8,11,2,1
BRDA:9,12,0,3
BRDA:9,12,1,0
BRDA:9,13,0,3
BRDA:9,13,1,3
BRF:29
BRH:23
end_of_record
TN:
SF:/home/iqmsoft/scala/SpringBootScalaSqlAng22/src/main/resources/public/app/poll.domain.ts
FN:2,(anonymous_1)
FN:3,Poll
FN:8,(anonymous_3)
FN:9,PollStats
FNF:4
FNH:3
FNDA:1,(anonymous_1)
FNDA:2,Poll
FNDA:1,(anonymous_3)
FNDA:0,PollStats
DA:2,1
DA:3,1
DA:5,1
DA:7,1
DA:8,1
DA:9,1
DA:11,1
DA:13,1
LF:8
LH:8
BRF:0
BRH:0
end_of_record
TN:
SF:/home/iqmsoft/scala/SpringBootScalaSqlAng22/src/main/resources/public/app/app.routes.ts
FNF:0
FNH:0
DA:2,1
DA:3,1
DA:4,1
LF:3
LH:3
BRF:0
BRH:0
end_of_record
