{
"/home/iqmsoft/scala/SpringBootScalaSqlAng22/src/main/resources/public/app/app.component.ts":{"path":"/home/iqmsoft/scala/SpringBootScalaSqlAng22/src/main/resources/public/app/app.component.ts","s":{"1":1,"2":1,"3":1,"4":0,"5":1,"6":2,"7":2,"8":1,"9":1,"10":1,"11":1,"12":1,"13":1,"14":1,"15":1,"16":1,"17":9,"18":9,"19":1,"20":1,"21":1},"b":{"1":[1,1,1],"2":[1,0],"3":[0,0],"4":[0,1],"5":[1,1],"6":[2,0],"7":[2,1],"8":[2,0],"9":[0,0],"10":[1,0,0],"11":[1,1,1],"12":[1,0],"13":[1,1]},"f":{"1":1,"2":1,"3":1,"4":9},"fnMap":{"1":{"name":"(anonymous_1)","line":2,"loc":{"start":{"line":2,"column":46},"end":{"line":2,"column":87}}},"2":{"name":"(anonymous_2)","line":8,"loc":{"start":{"line":8,"column":46},"end":{"line":8,"column":62}}},"3":{"name":"(anonymous_3)","line":14,"loc":{"start":{"line":14,"column":20},"end":{"line":14,"column":32}}},"4":{"name":"AppComponent","line":15,"loc":{"start":{"line":15,"column":4},"end":{"line":15,"column":40}}}},"statementMap":{"1":{"start":{"line":2,"column":0},"end":{"line":7,"column":2}},"2":{"start":{"line":3,"column":4},"end":{"line":3,"column":129}},"3":{"start":{"line":4,"column":4},"end":{"line":5,"column":150}},"4":{"start":{"line":4,"column":79},"end":{"line":4,"column":131}},"5":{"start":{"line":5,"column":9},"end":{"line":5,"column":150}},"6":{"start":{"line":5,"column":58},"end":{"line":5,"column":150}},"7":{"start":{"line":5,"column":81},"end":{"line":5,"column":150}},"8":{"start":{"line":6,"column":4},"end":{"line":6,"column":66}},"9":{"start":{"line":8,"column":0},"end":{"line":10,"column":2}},"10":{"start":{"line":9,"column":4},"end":{"line":9,"column":109}},"11":{"start":{"line":9,"column":79},"end":{"line":9,"column":109}},"12":{"start":{"line":11,"column":0},"end":{"line":11,"column":38}},"13":{"start":{"line":12,"column":0},"end":{"line":12,"column":38}},"14":{"start":{"line":13,"column":0},"end":{"line":13,"column":42}},"15":{"start":{"line":14,"column":0},"end":{"line":20,"column":5}},"16":{"start":{"line":15,"column":4},"end":{"line":18,"column":5}},"17":{"start":{"line":16,"column":8},"end":{"line":16,"column":25}},"18":{"start":{"line":17,"column":8},"end":{"line":17,"column":29}},"19":{"start":{"line":19,"column":4},"end":{"line":19,"column":24}},"20":{"start":{"line":21,"column":0},"end":{"line":27,"column":17}},"21":{"start":{"line":28,"column":0},"end":{"line":28,"column":36}}},"branchMap":{"1":{"line":2,"type":"binary-expr","locations":[{"start":{"line":2,"column":18},"end":{"line":2,"column":22}},{"start":{"line":2,"column":26},"end":{"line":2,"column":41}},{"start":{"line":2,"column":46},"end":{"line":7,"column":1}}]},"2":{"line":3,"type":"cond-expr","locations":[{"start":{"line":3,"column":42},"end":{"line":3,"column":48}},{"start":{"line":3,"column":51},"end":{"line":3,"column":125}}]},"3":{"line":3,"type":"cond-expr","locations":[{"start":{"line":3,"column":67},"end":{"line":3,"column":118}},{"start":{"line":3,"column":121},"end":{"line":3,"column":125}}]},"4":{"line":4,"type":"if","locations":[{"start":{"line":4,"column":4},"end":{"line":4,"column":4}},{"start":{"line":4,"column":4},"end":{"line":4,"column":4}}]},"5":{"line":4,"type":"binary-expr","locations":[{"start":{"line":4,"column":8},"end":{"line":4,"column":35}},{"start":{"line":4,"column":39},"end":{"line":4,"column":77}}]},"6":{"line":5,"type":"if","locations":[{"start":{"line":5,"column":58},"end":{"line":5,"column":58}},{"start":{"line":5,"column":58},"end":{"line":5,"column":58}}]},"7":{"line":5,"type":"binary-expr","locations":[{"start":{"line":5,"column":86},"end":{"line":5,"column":143}},{"start":{"line":5,"column":148},"end":{"line":5,"column":149}}]},"8":{"line":5,"type":"cond-expr","locations":[{"start":{"line":5,"column":94},"end":{"line":5,"column":98}},{"start":{"line":5,"column":101},"end":{"line":5,"column":143}}]},"9":{"line":5,"type":"cond-expr","locations":[{"start":{"line":5,"column":109},"end":{"line":5,"column":126}},{"start":{"line":5,"column":129},"end":{"line":5,"column":143}}]},"10":{"line":6,"type":"binary-expr","locations":[{"start":{"line":6,"column":11},"end":{"line":6,"column":16}},{"start":{"line":6,"column":20},"end":{"line":6,"column":21}},{"start":{"line":6,"column":25},"end":{"line":6,"column":62}}]},"11":{"line":8,"type":"binary-expr","locations":[{"start":{"line":8,"column":18},"end":{"line":8,"column":22}},{"start":{"line":8,"column":26},"end":{"line":8,"column":41}},{"start":{"line":8,"column":46},"end":{"line":10,"column":1}}]},"12":{"line":9,"type":"if","locations":[{"start":{"line":9,"column":4},"end":{"line":9,"column":4}},{"start":{"line":9,"column":4},"end":{"line":9,"column":4}}]},"13":{"line":9,"type":"binary-expr","locations":[{"start":{"line":9,"column":8},"end":{"line":9,"column":35}},{"start":{"line":9,"column":39},"end":{"line":9,"column":77}}]}},"code":["import {Component} from '@angular/core';","import {Http} from '@angular/http';","import { Poll } from './poll.domain';","import { PollListComponent } from './poll.list.component';","import { DashboardComponent } from './dashboard.component';","import { Router, Routes} from '@angular/router';","import { ROUTE } from './app.routes';","","","@Component({","    selector: 'my-app',","    template: `<nav class=\"navbar navbar-inverse navbar-static-top\">","    <a class=\"navbar-brand\" href=\"#\">Spring Boot - AngularJS 2 - WebSocket</a>","</nav>","<div class=\"container\">","    <div class=\"panel panel-primary\">","        <div class=\"panel-heading\">","            <h3 class=\"panel-title\">","                <span class=\"glyphicon glyphicon-envelope\"></span>","                Poll Messages","            </h3>","        </div>","        ","        <div class=\"panel-body\">","            ","            <router-outlet></router-outlet>","            ","        </div> <!-- End of panel body -->","    </div>","</div>","`","})","","","export class AppComponent {","    constructor(public http: Http,private router: Router) {","        ","    }","}","","",""],"l":{"2":1,"3":1,"4":1,"5":2,"6":1,"8":1,"9":1,"11":1,"12":1,"13":1,"14":1,"15":1,"16":9,"17":9,"19":1,"21":1,"28":1}},
"/home/iqmsoft/scala/SpringBootScalaSqlAng22/src/main/resources/public/app/dashboard.component.ts":{"path":"/home/iqmsoft/scala/SpringBootScalaSqlAng22/src/main/resources/public/app/dashboard.component.ts","s":{"1":1,"2":1,"3":1,"4":0,"5":1,"6":2,"7":2,"8":1,"9":1,"10":1,"11":1,"12":1,"13":1,"14":1,"15":1,"16":3,"17":3,"18":3,"19":0,"20":0,"21":0,"22":0,"23":0,"24":0,"25":0,"26":3,"27":0,"28":0,"29":1,"30":1,"31":1,"32":0,"33":0,"34":1,"35":0,"36":0,"37":1,"38":1,"39":1,"40":1,"41":1,"42":1,"43":0,"44":1,"45":1,"46":1,"47":1},"b":{"1":[1,1,1],"2":[1,0],"3":[0,0],"4":[0,1],"5":[1,1],"6":[2,0],"7":[2,1],"8":[2,0],"9":[0,0],"10":[1,0,0],"11":[1,1,1],"12":[1,0],"13":[1,1]},"f":{"1":1,"2":1,"3":1,"4":3,"5":0,"6":0,"7":1,"8":0,"9":0,"10":0,"11":1,"12":0},"fnMap":{"1":{"name":"(anonymous_1)","line":2,"loc":{"start":{"line":2,"column":46},"end":{"line":2,"column":87}}},"2":{"name":"(anonymous_2)","line":8,"loc":{"start":{"line":8,"column":46},"end":{"line":8,"column":62}}},"3":{"name":"(anonymous_3)","line":13,"loc":{"start":{"line":13,"column":26},"end":{"line":13,"column":38}}},"4":{"name":"DashboardComponent","line":14,"loc":{"start":{"line":14,"column":4},"end":{"line":14,"column":38}}},"5":{"name":"(anonymous_5)","line":17,"loc":{"start":{"line":17,"column":31},"end":{"line":17,"column":48}}},"6":{"name":"(anonymous_6)","line":32,"loc":{"start":{"line":32,"column":44},"end":{"line":32,"column":63}}},"7":{"name":"(anonymous_7)","line":37,"loc":{"start":{"line":37,"column":44},"end":{"line":37,"column":56}}},"8":{"name":"(anonymous_8)","line":43,"loc":{"start":{"line":43,"column":19},"end":{"line":43,"column":32}}},"9":{"name":"(anonymous_9)","line":44,"loc":{"start":{"line":44,"column":19},"end":{"line":44,"column":32}}},"10":{"name":"(anonymous_10)","line":59,"loc":{"start":{"line":59,"column":51},"end":{"line":59,"column":66}}},"11":{"name":"(anonymous_11)","line":69,"loc":{"start":{"line":69,"column":43},"end":{"line":69,"column":55}}},"12":{"name":"(anonymous_12)","line":73,"loc":{"start":{"line":73,"column":27},"end":{"line":73,"column":44}}}},"statementMap":{"1":{"start":{"line":2,"column":0},"end":{"line":7,"column":2}},"2":{"start":{"line":3,"column":4},"end":{"line":3,"column":129}},"3":{"start":{"line":4,"column":4},"end":{"line":5,"column":150}},"4":{"start":{"line":4,"column":79},"end":{"line":4,"column":131}},"5":{"start":{"line":5,"column":9},"end":{"line":5,"column":150}},"6":{"start":{"line":5,"column":58},"end":{"line":5,"column":150}},"7":{"start":{"line":5,"column":81},"end":{"line":5,"column":150}},"8":{"start":{"line":6,"column":4},"end":{"line":6,"column":66}},"9":{"start":{"line":8,"column":0},"end":{"line":10,"column":2}},"10":{"start":{"line":9,"column":4},"end":{"line":9,"column":109}},"11":{"start":{"line":9,"column":79},"end":{"line":9,"column":109}},"12":{"start":{"line":11,"column":0},"end":{"line":11,"column":38}},"13":{"start":{"line":12,"column":0},"end":{"line":12,"column":38}},"14":{"start":{"line":13,"column":0},"end":{"line":80,"column":5}},"15":{"start":{"line":14,"column":4},"end":{"line":36,"column":5}},"16":{"start":{"line":15,"column":8},"end":{"line":15,"column":25}},"17":{"start":{"line":16,"column":8},"end":{"line":16,"column":25}},"18":{"start":{"line":17,"column":8},"end":{"line":31,"column":10}},"19":{"start":{"line":19,"column":12},"end":{"line":29,"column":13}},"20":{"start":{"line":20,"column":16},"end":{"line":20,"column":42}},"21":{"start":{"line":21,"column":16},"end":{"line":21,"column":31}},"22":{"start":{"line":22,"column":16},"end":{"line":28,"column":17}},"23":{"start":{"line":23,"column":20},"end":{"line":23,"column":49}},"24":{"start":{"line":24,"column":20},"end":{"line":27,"column":23}},"25":{"start":{"line":30,"column":12},"end":{"line":30,"column":31}},"26":{"start":{"line":32,"column":8},"end":{"line":35,"column":10}},"27":{"start":{"line":33,"column":12},"end":{"line":33,"column":51}},"28":{"start":{"line":34,"column":12},"end":{"line":34,"column":47}},"29":{"start":{"line":37,"column":4},"end":{"line":65,"column":6}},"30":{"start":{"line":38,"column":8},"end":{"line":38,"column":25}},"31":{"start":{"line":39,"column":8},"end":{"line":58,"column":10}},"32":{"start":{"line":43,"column":34},"end":{"line":43,"column":47}},"33":{"start":{"line":44,"column":34},"end":{"line":44,"column":45}},"34":{"start":{"line":59,"column":8},"end":{"line":62,"column":11}},"35":{"start":{"line":60,"column":12},"end":{"line":60,"column":37}},"36":{"start":{"line":61,"column":12},"end":{"line":61,"column":47}},"37":{"start":{"line":64,"column":8},"end":{"line":64,"column":23}},"38":{"start":{"line":69,"column":4},"end":{"line":78,"column":6}},"39":{"start":{"line":70,"column":8},"end":{"line":70,"column":25}},"40":{"start":{"line":71,"column":8},"end":{"line":71,"column":44}},"41":{"start":{"line":72,"column":8},"end":{"line":72,"column":46}},"42":{"start":{"line":73,"column":8},"end":{"line":76,"column":10}},"43":{"start":{"line":75,"column":12},"end":{"line":75,"column":102}},"44":{"start":{"line":77,"column":8},"end":{"line":77,"column":51}},"45":{"start":{"line":79,"column":4},"end":{"line":79,"column":30}},"46":{"start":{"line":81,"column":0},"end":{"line":86,"column":23}},"47":{"start":{"line":87,"column":0},"end":{"line":87,"column":48}}},"branchMap":{"1":{"line":2,"type":"binary-expr","locations":[{"start":{"line":2,"column":18},"end":{"line":2,"column":22}},{"start":{"line":2,"column":26},"end":{"line":2,"column":41}},{"start":{"line":2,"column":46},"end":{"line":7,"column":1}}]},"2":{"line":3,"type":"cond-expr","locations":[{"start":{"line":3,"column":42},"end":{"line":3,"column":48}},{"start":{"line":3,"column":51},"end":{"line":3,"column":125}}]},"3":{"line":3,"type":"cond-expr","locations":[{"start":{"line":3,"column":67},"end":{"line":3,"column":118}},{"start":{"line":3,"column":121},"end":{"line":3,"column":125}}]},"4":{"line":4,"type":"if","locations":[{"start":{"line":4,"column":4},"end":{"line":4,"column":4}},{"start":{"line":4,"column":4},"end":{"line":4,"column":4}}]},"5":{"line":4,"type":"binary-expr","locations":[{"start":{"line":4,"column":8},"end":{"line":4,"column":35}},{"start":{"line":4,"column":39},"end":{"line":4,"column":77}}]},"6":{"line":5,"type":"if","locations":[{"start":{"line":5,"column":58},"end":{"line":5,"column":58}},{"start":{"line":5,"column":58},"end":{"line":5,"column":58}}]},"7":{"line":5,"type":"binary-expr","locations":[{"start":{"line":5,"column":86},"end":{"line":5,"column":143}},{"start":{"line":5,"column":148},"end":{"line":5,"column":149}}]},"8":{"line":5,"type":"cond-expr","locations":[{"start":{"line":5,"column":94},"end":{"line":5,"column":98}},{"start":{"line":5,"column":101},"end":{"line":5,"column":143}}]},"9":{"line":5,"type":"cond-expr","locations":[{"start":{"line":5,"column":109},"end":{"line":5,"column":126}},{"start":{"line":5,"column":129},"end":{"line":5,"column":143}}]},"10":{"line":6,"type":"binary-expr","locations":[{"start":{"line":6,"column":11},"end":{"line":6,"column":16}},{"start":{"line":6,"column":20},"end":{"line":6,"column":21}},{"start":{"line":6,"column":25},"end":{"line":6,"column":62}}]},"11":{"line":8,"type":"binary-expr","locations":[{"start":{"line":8,"column":18},"end":{"line":8,"column":22}},{"start":{"line":8,"column":26},"end":{"line":8,"column":41}},{"start":{"line":8,"column":46},"end":{"line":10,"column":1}}]},"12":{"line":9,"type":"if","locations":[{"start":{"line":9,"column":4},"end":{"line":9,"column":4}},{"start":{"line":9,"column":4},"end":{"line":9,"column":4}}]},"13":{"line":9,"type":"binary-expr","locations":[{"start":{"line":9,"column":8},"end":{"line":9,"column":35}},{"start":{"line":9,"column":39},"end":{"line":9,"column":77}}]}},"code":["import {Component,Input} from '@angular/core';","import {Http} from '@angular/http';","import { PollStats } from './poll.domain';","import { ChoiceStats } from './poll.choice.domain';","import {nvD3} from 'ng2-nvd3'","","declare let d3: any;","declare var SockJS;","declare var Stomp;","","@Component({","    template: `<h2>Realtime</h2>","<div class=\"row\">","    <div class=\"col-md-4\" *ngFor=\"let stat of stats\">","        <h3>{{ stat.name }}</h3>","        <nvd3 [options]=\"options\" [data]=\"stat.data\"></nvd3>","        ","        <h4>Number of Votes: {{ stat.totalVote}}</h4>","    </div>","</div>`//,","    //entryComponents: [nvD3]","})","export class DashboardComponent {","    stompClient : any;","    stats: PollStats[];","    options;","    ","    constructor(public http: Http) {","    }","    formatChartData = (stats) => {","        //we need to reformat the data a bit to use in pie chart","        for (var i=0;i< stats.length;i++){","            var stat : any = this.stats[i];","            stat.data = []","            for (var j=0;j< stat.choices.length;j++) {","                let choice : ChoiceStats = stat.choices[j];","                stat.data.push({","                    \"key\": choice.choice,","                    \"y\": choice.totalVote","                });","            }","        }","        console.log(stats);","    }","    stompAnswerSubmittedCallback = (message) => {","        this.stats = JSON.parse(message.body);","        this.formatChartData(this.stats);","    };","    ","    ngOnInit() {","        this.options = {","            \"chart\": {","                type: 'pieChart',","                height: 500,","                x: function(d){return d.key;},","                y: function(d){return d.y;},","                showLabels: true,","                duration: 500,","                labelThreshold: 0.01,","                labelSunbeamLayout: true,","                legend: {","                    margin: {","                        top: 5,","                        right: 35,","                        bottom: 5,","                        left: 0","                    }","                },","            }","        }","        ","        this.http.get(\"/api/poll/stats\").subscribe(","            res => {","                this.stats = res.json();","                this.formatChartData(this.stats);","            }","        );","        ","        //subscribe to the websocket","        this.connect();","    }","    ","    /**","     * Connect to SpringBoot Websocket","     */","    connect() {","        let socket : any = new SockJS('/message');","        this.stompClient = Stomp.over(socket);","        let stompConnect = (frame) => {","            //subscribe to /user/queue/polls if you only want messages for the current user","            this.stompClient.subscribe('/queue/answerSubmitted', this.stompAnswerSubmittedCallback);","        }","        ","        this.stompClient.connect({}, stompConnect);","    }","}"],"l":{"2":1,"3":1,"4":1,"5":2,"6":1,"8":1,"9":1,"11":1,"12":1,"13":1,"14":1,"15":3,"16":3,"17":3,"19":0,"20":0,"21":0,"22":0,"23":0,"24":0,"30":0,"32":3,"33":0,"34":0,"37":1,"38":1,"39":1,"43":0,"44":0,"59":1,"60":0,"61":0,"64":1,"69":1,"70":1,"71":1,"72":1,"73":1,"75":0,"77":1,"79":1,"81":1,"87":1}},
"/home/iqmsoft/scala/SpringBootScalaSqlAng22/src/main/resources/public/app/poll.list.component.ts":{"path":"/home/iqmsoft/scala/SpringBootScalaSqlAng22/src/main/resources/public/app/poll.list.component.ts","s":{"1":1,"2":1,"3":1,"4":0,"5":1,"6":2,"7":2,"8":1,"9":1,"10":1,"11":1,"12":1,"13":1,"14":1,"15":1,"16":1,"17":4,"18":4,"19":4,"20":4,"21":0,"22":4,"23":0,"24":1,"25":1,"26":1,"27":0,"28":0,"29":0,"30":0,"31":1,"32":1,"33":2,"34":2,"35":2,"36":2,"37":0,"38":0,"39":0,"40":2,"41":1,"42":0,"43":0,"44":1,"45":1,"46":1},"b":{"1":[1,1,1],"2":[1,0],"3":[0,0],"4":[0,1],"5":[1,1],"6":[2,0],"7":[2,1],"8":[2,0],"9":[0,0],"10":[1,0,0],"11":[1,1,1],"12":[1,0],"13":[1,1]},"f":{"1":1,"2":1,"3":1,"4":4,"5":0,"6":0,"7":1,"8":0,"9":0,"10":2,"11":0,"12":0},"fnMap":{"1":{"name":"(anonymous_1)","line":2,"loc":{"start":{"line":2,"column":46},"end":{"line":2,"column":87}}},"2":{"name":"(anonymous_2)","line":8,"loc":{"start":{"line":8,"column":46},"end":{"line":8,"column":62}}},"3":{"name":"(anonymous_3)","line":14,"loc":{"start":{"line":14,"column":25},"end":{"line":14,"column":37}}},"4":{"name":"PollListComponent","line":15,"loc":{"start":{"line":15,"column":4},"end":{"line":15,"column":37}}},"5":{"name":"(anonymous_5)","line":19,"loc":{"start":{"line":19,"column":33},"end":{"line":19,"column":52}}},"6":{"name":"(anonymous_6)","line":22,"loc":{"start":{"line":22,"column":39},"end":{"line":22,"column":58}}},"7":{"name":"(anonymous_7)","line":26,"loc":{"start":{"line":26,"column":43},"end":{"line":26,"column":55}}},"8":{"name":"(anonymous_8)","line":28,"loc":{"start":{"line":28,"column":45},"end":{"line":28,"column":60}}},"9":{"name":"(anonymous_9)","line":33,"loc":{"start":{"line":33,"column":11},"end":{"line":33,"column":26}}},"10":{"name":"(anonymous_10)","line":41,"loc":{"start":{"line":41,"column":42},"end":{"line":41,"column":54}}},"11":{"name":"(anonymous_11)","line":45,"loc":{"start":{"line":45,"column":27},"end":{"line":45,"column":44}}},"12":{"name":"(anonymous_12)","line":53,"loc":{"start":{"line":53,"column":43},"end":{"line":53,"column":59}}}},"statementMap":{"1":{"start":{"line":2,"column":0},"end":{"line":7,"column":2}},"2":{"start":{"line":3,"column":4},"end":{"line":3,"column":129}},"3":{"start":{"line":4,"column":4},"end":{"line":5,"column":150}},"4":{"start":{"line":4,"column":79},"end":{"line":4,"column":131}},"5":{"start":{"line":5,"column":9},"end":{"line":5,"column":150}},"6":{"start":{"line":5,"column":58},"end":{"line":5,"column":150}},"7":{"start":{"line":5,"column":81},"end":{"line":5,"column":150}},"8":{"start":{"line":6,"column":4},"end":{"line":6,"column":66}},"9":{"start":{"line":8,"column":0},"end":{"line":10,"column":2}},"10":{"start":{"line":9,"column":4},"end":{"line":9,"column":109}},"11":{"start":{"line":9,"column":79},"end":{"line":9,"column":109}},"12":{"start":{"line":11,"column":0},"end":{"line":11,"column":38}},"13":{"start":{"line":12,"column":0},"end":{"line":12,"column":38}},"14":{"start":{"line":13,"column":0},"end":{"line":13,"column":51}},"15":{"start":{"line":14,"column":0},"end":{"line":59,"column":5}},"16":{"start":{"line":15,"column":4},"end":{"line":25,"column":5}},"17":{"start":{"line":16,"column":8},"end":{"line":16,"column":25}},"18":{"start":{"line":17,"column":8},"end":{"line":17,"column":25}},"19":{"start":{"line":18,"column":8},"end":{"line":18,"column":32}},"20":{"start":{"line":19,"column":8},"end":{"line":21,"column":10}},"21":{"start":{"line":20,"column":12},"end":{"line":20,"column":51}},"22":{"start":{"line":22,"column":8},"end":{"line":24,"column":10}},"23":{"start":{"line":23,"column":12},"end":{"line":23,"column":57}},"24":{"start":{"line":26,"column":4},"end":{"line":37,"column":6}},"25":{"start":{"line":27,"column":8},"end":{"line":27,"column":25}},"26":{"start":{"line":28,"column":8},"end":{"line":34,"column":11}},"27":{"start":{"line":29,"column":12},"end":{"line":29,"column":34}},"28":{"start":{"line":30,"column":12},"end":{"line":30,"column":31}},"29":{"start":{"line":31,"column":12},"end":{"line":31,"column":34}},"30":{"start":{"line":32,"column":12},"end":{"line":32,"column":30}},"31":{"start":{"line":36,"column":8},"end":{"line":36,"column":23}},"32":{"start":{"line":41,"column":4},"end":{"line":52,"column":6}},"33":{"start":{"line":42,"column":8},"end":{"line":42,"column":25}},"34":{"start":{"line":43,"column":8},"end":{"line":43,"column":44}},"35":{"start":{"line":44,"column":8},"end":{"line":44,"column":46}},"36":{"start":{"line":45,"column":8},"end":{"line":50,"column":10}},"37":{"start":{"line":46,"column":12},"end":{"line":46,"column":52}},"38":{"start":{"line":48,"column":12},"end":{"line":48,"column":81}},"39":{"start":{"line":49,"column":12},"end":{"line":49,"column":92}},"40":{"start":{"line":51,"column":8},"end":{"line":51,"column":51}},"41":{"start":{"line":53,"column":4},"end":{"line":57,"column":6}},"42":{"start":{"line":55,"column":8},"end":{"line":55,"column":57}},"43":{"start":{"line":56,"column":8},"end":{"line":56,"column":81}},"44":{"start":{"line":58,"column":4},"end":{"line":58,"column":29}},"45":{"start":{"line":60,"column":0},"end":{"line":66,"column":22}},"46":{"start":{"line":67,"column":0},"end":{"line":67,"column":46}}},"branchMap":{"1":{"line":2,"type":"binary-expr","locations":[{"start":{"line":2,"column":18},"end":{"line":2,"column":22}},{"start":{"line":2,"column":26},"end":{"line":2,"column":41}},{"start":{"line":2,"column":46},"end":{"line":7,"column":1}}]},"2":{"line":3,"type":"cond-expr","locations":[{"start":{"line":3,"column":42},"end":{"line":3,"column":48}},{"start":{"line":3,"column":51},"end":{"line":3,"column":125}}]},"3":{"line":3,"type":"cond-expr","locations":[{"start":{"line":3,"column":67},"end":{"line":3,"column":118}},{"start":{"line":3,"column":121},"end":{"line":3,"column":125}}]},"4":{"line":4,"type":"if","locations":[{"start":{"line":4,"column":4},"end":{"line":4,"column":4}},{"start":{"line":4,"column":4},"end":{"line":4,"column":4}}]},"5":{"line":4,"type":"binary-expr","locations":[{"start":{"line":4,"column":8},"end":{"line":4,"column":35}},{"start":{"line":4,"column":39},"end":{"line":4,"column":77}}]},"6":{"line":5,"type":"if","locations":[{"start":{"line":5,"column":58},"end":{"line":5,"column":58}},{"start":{"line":5,"column":58},"end":{"line":5,"column":58}}]},"7":{"line":5,"type":"binary-expr","locations":[{"start":{"line":5,"column":86},"end":{"line":5,"column":143}},{"start":{"line":5,"column":148},"end":{"line":5,"column":149}}]},"8":{"line":5,"type":"cond-expr","locations":[{"start":{"line":5,"column":94},"end":{"line":5,"column":98}},{"start":{"line":5,"column":101},"end":{"line":5,"column":143}}]},"9":{"line":5,"type":"cond-expr","locations":[{"start":{"line":5,"column":109},"end":{"line":5,"column":126}},{"start":{"line":5,"column":129},"end":{"line":5,"column":143}}]},"10":{"line":6,"type":"binary-expr","locations":[{"start":{"line":6,"column":11},"end":{"line":6,"column":16}},{"start":{"line":6,"column":20},"end":{"line":6,"column":21}},{"start":{"line":6,"column":25},"end":{"line":6,"column":62}}]},"11":{"line":8,"type":"binary-expr","locations":[{"start":{"line":8,"column":18},"end":{"line":8,"column":22}},{"start":{"line":8,"column":26},"end":{"line":8,"column":41}},{"start":{"line":8,"column":46},"end":{"line":10,"column":1}}]},"12":{"line":9,"type":"if","locations":[{"start":{"line":9,"column":4},"end":{"line":9,"column":4}},{"start":{"line":9,"column":4},"end":{"line":9,"column":4}}]},"13":{"line":9,"type":"binary-expr","locations":[{"start":{"line":9,"column":8},"end":{"line":9,"column":35}},{"start":{"line":9,"column":39},"end":{"line":9,"column":77}}]}},"code":["import {Component,Input, NgModule} from '@angular/core';","import {Http} from '@angular/http';","import { Poll } from './poll.domain';","import { PollComponent } from './poll.component';","import {CUSTOM_ELEMENTS_SCHEMA} from '@angular/core';","","","","declare var SockJS;","declare var Stomp;","","@Component({","    template: `<ul class=\"list-group\">","    <a href=\"javascript:void(0)\" [ngClass]=\"{'active': currentPoll && poll.id == currentPoll.id}\"","        *ngFor=\"let poll of polls\" class=\"list-group-item\"  (click)=\"showPoll(poll)\">","        {{ poll.name }}","    </a>","</ul>","<poll-form *ngIf=\"currentPoll\" [poll]=\"currentPoll\" [stompClient]=\"stompClient\"></poll-form>`,","    entryComponents:[PollComponent]","})","export class PollListComponent {","    polls: Poll[];","    currentPoll: Poll = null;","    stompClient : any;","    ","","","    stompPollCallback = (message) => {","        this.polls = JSON.parse(message.body);","    };","    ","    stompSelectPollCallback = (message) => {","        this.currentPoll = JSON.parse(message.body);","    };","","    constructor(public http: Http) {      ","        ","    }","    ","    ngOnInit() {","     ","    ","        this.http.get(\"/api/poll\").subscribe(","            res => {","                let data = res.json();","                this.polls = data;","                console.log(\"Polls \")","                console.log(data)","            },","            err => {","            }","        );","        ","        //subscribe to the websocket","        this.connect();","    }","    ","    /**","     * Connect to SpringBoot Websocket","     */","    connect() {","        let socket : any = new SockJS('/message');","        this.stompClient = Stomp.over(socket);","        let stompConnect = (frame) => {","            let whoami : any = frame.headers['user-name'];","            //subscribe to /user/queue/polls if you only want messages for the current user","            this.stompClient.subscribe('/queue/polls', this.stompPollCallback);","            this.stompClient.subscribe('/queue/selectPoll', this.stompSelectPollCallback);","        }","        ","        this.stompClient.connect({}, stompConnect);","    }","    ","    showPoll(poll : Poll) {","        //this.currentPoll = poll;","        console.log(\"Poll List \" + JSON.stringify(poll))","        this.stompClient.send('/websocket/selectPoll',{},JSON.stringify(poll));","    }","}"],"l":{"2":1,"3":1,"4":1,"5":2,"6":1,"8":1,"9":1,"11":1,"12":1,"13":1,"14":1,"15":1,"16":4,"17":4,"18":4,"19":4,"20":0,"22":4,"23":0,"26":1,"27":1,"28":1,"29":0,"30":0,"31":0,"32":0,"36":1,"41":1,"42":2,"43":2,"44":2,"45":2,"46":0,"48":0,"49":0,"51":2,"53":1,"55":0,"56":0,"58":1,"60":1,"67":1}},
"/home/iqmsoft/scala/SpringBootScalaSqlAng22/src/main/resources/public/app/poll.component.ts":{"path":"/home/iqmsoft/scala/SpringBootScalaSqlAng22/src/main/resources/public/app/poll.component.ts","s":{"1":1,"2":3,"3":3,"4":0,"5":3,"6":6,"7":6,"8":3,"9":1,"10":3,"11":3,"12":1,"13":1,"14":1,"15":1,"16":1,"17":10,"18":10,"19":10,"20":0,"21":1,"22":0,"23":1,"24":0,"25":1,"26":0,"27":0,"28":0,"29":0,"30":0,"31":0,"32":1,"33":1,"34":1,"35":1,"36":1},"b":{"1":[1,1,1],"2":[1,2],"3":[0,2],"4":[0,3],"5":[3,3],"6":[6,0],"7":[6,5],"8":[2,4],"9":[4,0],"10":[3,2,0],"11":[1,1,1],"12":[3,0],"13":[3,3]},"f":{"1":3,"2":3,"3":1,"4":10,"5":0,"6":0,"7":0,"8":0,"9":0},"fnMap":{"1":{"name":"(anonymous_1)","line":2,"loc":{"start":{"line":2,"column":46},"end":{"line":2,"column":87}}},"2":{"name":"(anonymous_2)","line":8,"loc":{"start":{"line":8,"column":46},"end":{"line":8,"column":62}}},"3":{"name":"(anonymous_3)","line":14,"loc":{"start":{"line":14,"column":21},"end":{"line":14,"column":33}}},"4":{"name":"PollComponent","line":15,"loc":{"start":{"line":15,"column":4},"end":{"line":15,"column":33}}},"5":{"name":"(anonymous_5)","line":18,"loc":{"start":{"line":18,"column":41},"end":{"line":18,"column":60}}},"6":{"name":"(anonymous_6)","line":22,"loc":{"start":{"line":22,"column":39},"end":{"line":22,"column":51}}},"7":{"name":"(anonymous_7)","line":26,"loc":{"start":{"line":26,"column":43},"end":{"line":26,"column":65}}},"8":{"name":"(anonymous_8)","line":29,"loc":{"start":{"line":29,"column":41},"end":{"line":29,"column":53}}},"9":{"name":"(anonymous_9)","line":35,"loc":{"start":{"line":35,"column":23},"end":{"line":35,"column":38}}}},"statementMap":{"1":{"start":{"line":2,"column":0},"end":{"line":7,"column":2}},"2":{"start":{"line":3,"column":4},"end":{"line":3,"column":129}},"3":{"start":{"line":4,"column":4},"end":{"line":5,"column":150}},"4":{"start":{"line":4,"column":79},"end":{"line":4,"column":131}},"5":{"start":{"line":5,"column":9},"end":{"line":5,"column":150}},"6":{"start":{"line":5,"column":58},"end":{"line":5,"column":150}},"7":{"start":{"line":5,"column":81},"end":{"line":5,"column":150}},"8":{"start":{"line":6,"column":4},"end":{"line":6,"column":66}},"9":{"start":{"line":8,"column":0},"end":{"line":10,"column":2}},"10":{"start":{"line":9,"column":4},"end":{"line":9,"column":109}},"11":{"start":{"line":9,"column":79},"end":{"line":9,"column":109}},"12":{"start":{"line":11,"column":0},"end":{"line":11,"column":38}},"13":{"start":{"line":12,"column":0},"end":{"line":12,"column":38}},"14":{"start":{"line":13,"column":0},"end":{"line":13,"column":45}},"15":{"start":{"line":14,"column":0},"end":{"line":40,"column":5}},"16":{"start":{"line":15,"column":4},"end":{"line":21,"column":5}},"17":{"start":{"line":16,"column":8},"end":{"line":16,"column":25}},"18":{"start":{"line":17,"column":8},"end":{"line":17,"column":25}},"19":{"start":{"line":18,"column":8},"end":{"line":20,"column":10}},"20":{"start":{"line":19,"column":12},"end":{"line":19,"column":60}},"21":{"start":{"line":22,"column":4},"end":{"line":25,"column":6}},"22":{"start":{"line":24,"column":8},"end":{"line":24,"column":90}},"23":{"start":{"line":26,"column":4},"end":{"line":28,"column":6}},"24":{"start":{"line":27,"column":8},"end":{"line":27,"column":89}},"25":{"start":{"line":29,"column":4},"end":{"line":38,"column":6}},"26":{"start":{"line":30,"column":8},"end":{"line":30,"column":43}},"27":{"start":{"line":31,"column":8},"end":{"line":31,"column":59}},"28":{"start":{"line":32,"column":8},"end":{"line":32,"column":35}},"29":{"start":{"line":33,"column":8},"end":{"line":33,"column":57}},"30":{"start":{"line":34,"column":8},"end":{"line":37,"column":11}},"31":{"start":{"line":36,"column":12},"end":{"line":36,"column":34}},"32":{"start":{"line":39,"column":4},"end":{"line":39,"column":25}},"33":{"start":{"line":41,"column":0},"end":{"line":44,"column":44}},"34":{"start":{"line":45,"column":0},"end":{"line":48,"column":51}},"35":{"start":{"line":49,"column":0},"end":{"line":56,"column":18}},"36":{"start":{"line":57,"column":0},"end":{"line":57,"column":38}}},"branchMap":{"1":{"line":2,"type":"binary-expr","locations":[{"start":{"line":2,"column":18},"end":{"line":2,"column":22}},{"start":{"line":2,"column":26},"end":{"line":2,"column":41}},{"start":{"line":2,"column":46},"end":{"line":7,"column":1}}]},"2":{"line":3,"type":"cond-expr","locations":[{"start":{"line":3,"column":42},"end":{"line":3,"column":48}},{"start":{"line":3,"column":51},"end":{"line":3,"column":125}}]},"3":{"line":3,"type":"cond-expr","locations":[{"start":{"line":3,"column":67},"end":{"line":3,"column":118}},{"start":{"line":3,"column":121},"end":{"line":3,"column":125}}]},"4":{"line":4,"type":"if","locations":[{"start":{"line":4,"column":4},"end":{"line":4,"column":4}},{"start":{"line":4,"column":4},"end":{"line":4,"column":4}}]},"5":{"line":4,"type":"binary-expr","locations":[{"start":{"line":4,"column":8},"end":{"line":4,"column":35}},{"start":{"line":4,"column":39},"end":{"line":4,"column":77}}]},"6":{"line":5,"type":"if","locations":[{"start":{"line":5,"column":58},"end":{"line":5,"column":58}},{"start":{"line":5,"column":58},"end":{"line":5,"column":58}}]},"7":{"line":5,"type":"binary-expr","locations":[{"start":{"line":5,"column":86},"end":{"line":5,"column":143}},{"start":{"line":5,"column":148},"end":{"line":5,"column":149}}]},"8":{"line":5,"type":"cond-expr","locations":[{"start":{"line":5,"column":94},"end":{"line":5,"column":98}},{"start":{"line":5,"column":101},"end":{"line":5,"column":143}}]},"9":{"line":5,"type":"cond-expr","locations":[{"start":{"line":5,"column":109},"end":{"line":5,"column":126}},{"start":{"line":5,"column":129},"end":{"line":5,"column":143}}]},"10":{"line":6,"type":"binary-expr","locations":[{"start":{"line":6,"column":11},"end":{"line":6,"column":16}},{"start":{"line":6,"column":20},"end":{"line":6,"column":21}},{"start":{"line":6,"column":25},"end":{"line":6,"column":62}}]},"11":{"line":8,"type":"binary-expr","locations":[{"start":{"line":8,"column":18},"end":{"line":8,"column":22}},{"start":{"line":8,"column":26},"end":{"line":8,"column":41}},{"start":{"line":8,"column":46},"end":{"line":10,"column":1}}]},"12":{"line":9,"type":"if","locations":[{"start":{"line":9,"column":4},"end":{"line":9,"column":4}},{"start":{"line":9,"column":4},"end":{"line":9,"column":4}}]},"13":{"line":9,"type":"binary-expr","locations":[{"start":{"line":9,"column":8},"end":{"line":9,"column":35}},{"start":{"line":9,"column":39},"end":{"line":9,"column":77}}]}},"code":["import {Component,Input} from '@angular/core';","import {Http,Headers} from '@angular/http';","import { Observable }     from 'rxjs/Observable';","import { Poll } from './poll.domain';","import { PollChoice } from './poll.choice.domain';","","export var module: {","    id: string;"," };","","","@Component({","   // moduleId: module.id,    ","    selector: 'poll-form',","    template: `<div class=\"panel panel-primary\">","        <div class=\"panel-heading\">","<h3 class=\"panel-title\">","    {{ poll.name }}","</h3>","</div>","","<div class=\"panel-body\">","<div class=\"radio\" *ngFor=\"let choice of poll.choices\">","    <label>","        <input type=\"radio\" name=\"optradio\" [checked]=\"selectedChoice && choice.id == selectedChoice.id\" ","            value=\"{{ choice.id }}\" (click)=\"selectChoice(choice)\">{{ choice.choice }}","    </label>","</div>","","<div class=\"form-group\">","    <button class=\"btn btn-primary\" (click)=\"submitPoll()\">Submit Poll</button>","</div>","","</div> <!-- End of panel body -->","</div>` ","        ","})","","export class PollComponent {","    @Input() poll : Poll;","    @Input() stompClient;","    selectedChoice : PollChoice;","    ","    stompSelectChoiceCallback = (message) => {","        this.selectedChoice = JSON.parse(message.body);","    };","","    constructor(public http: Http) {","    }","    ","    ngOnInit() {","        //subscribe to the websocket","        this.stompClient.subscribe('/queue/selectChoice', this.stompSelectChoiceCallback);","    }","    ","    selectChoice(pollChoice : PollChoice) {","        this.stompClient.send('/websocket/selectChoice',{},JSON.stringify(pollChoice));","    }","    ","    submitPoll() {","        var headers : Headers = new Headers();","        headers.append('Content-Type', 'application/json');","        ","        console.log('Poll Submit');","        ","        console.log(JSON.stringify(this.selectedChoice));","        ","        this.http.post(\"/api/poll/\"+this.poll.id+\"/submit\",JSON.stringify(this.selectedChoice),{\"headers\": headers})","        .subscribe(","            res => {","                let data = res.json();","            }","        );    ","    }","}"],"l":{"2":1,"3":3,"4":3,"5":6,"6":3,"8":1,"9":3,"11":1,"12":1,"13":1,"14":1,"15":1,"16":10,"17":10,"18":10,"19":0,"22":1,"24":0,"26":1,"27":0,"29":1,"30":0,"31":0,"32":0,"33":0,"34":0,"36":0,"39":1,"41":1,"45":1,"49":1,"57":1}},
"/home/iqmsoft/scala/SpringBootScalaSqlAng22/src/main/resources/public/app/poll.domain.ts":{"path":"/home/iqmsoft/scala/SpringBootScalaSqlAng22/src/main/resources/public/app/poll.domain.ts","s":{"1":1,"2":1,"3":1,"4":1,"5":1,"6":1,"7":1,"8":1},"b":{},"f":{"1":1,"2":2,"3":1,"4":0},"fnMap":{"1":{"name":"(anonymous_1)","line":2,"loc":{"start":{"line":2,"column":12},"end":{"line":2,"column":24}}},"2":{"name":"Poll","line":3,"loc":{"start":{"line":3,"column":4},"end":{"line":3,"column":20}}},"3":{"name":"(anonymous_3)","line":8,"loc":{"start":{"line":8,"column":17},"end":{"line":8,"column":29}}},"4":{"name":"PollStats","line":9,"loc":{"start":{"line":9,"column":4},"end":{"line":9,"column":25}}}},"statementMap":{"1":{"start":{"line":2,"column":0},"end":{"line":6,"column":5}},"2":{"start":{"line":3,"column":4},"end":{"line":4,"column":5}},"3":{"start":{"line":5,"column":4},"end":{"line":5,"column":16}},"4":{"start":{"line":7,"column":0},"end":{"line":7,"column":20}},"5":{"start":{"line":8,"column":0},"end":{"line":12,"column":5}},"6":{"start":{"line":9,"column":4},"end":{"line":10,"column":5}},"7":{"start":{"line":11,"column":4},"end":{"line":11,"column":21}},"8":{"start":{"line":13,"column":0},"end":{"line":13,"column":30}}},"branchMap":{},"code":["import { PollChoice } from './poll.choice.domain';","","export class Poll {","    id: number;","    name: String;","    choices : PollChoice[];","}","","export class PollStats {","    id: number;","    name: String;","    choices : PollChoice[];","}"],"l":{"2":1,"3":1,"5":1,"7":1,"8":1,"9":1,"11":1,"13":1}},
"/home/iqmsoft/scala/SpringBootScalaSqlAng22/src/main/resources/public/app/app.routes.ts":{"path":"/home/iqmsoft/scala/SpringBootScalaSqlAng22/src/main/resources/public/app/app.routes.ts","s":{"1":1,"2":1,"3":1},"b":{},"f":{},"fnMap":{},"statementMap":{"1":{"start":{"line":2,"column":0},"end":{"line":2,"column":61}},"2":{"start":{"line":3,"column":0},"end":{"line":3,"column":61}},"3":{"start":{"line":4,"column":0},"end":{"line":8,"column":2}}},"branchMap":{},"code":["/*","* http://usejsdoc.org/","*/","import { Routes } from '@angular/router';","","import { PollListComponent } from './poll.list.component';","import { DashboardComponent } from './dashboard.component';","","","export const ROUTE: Routes = [","    { path: 'dashboard', component: DashboardComponent },","    { path: 'poll', component: PollListComponent },","    { path: '', component: PollListComponent }","];","","",""],"l":{"2":1,"3":1,"4":1}},
"/home/iqmsoft/scala/SpringBootScalaSqlAng22/src/main/resources/public/app/fuck.component.ts":{"path":"/home/iqmsoft/scala/SpringBootScalaSqlAng22/src/main/resources/public/app/fuck.component.ts","s":{"1":1,"2":1,"3":1,"4":0,"5":1,"6":2,"7":2,"8":1,"9":1,"10":1,"11":1,"12":1,"13":1,"14":1,"15":2,"16":1,"17":1,"18":1},"b":{"1":[1,1,1],"2":[1,0],"3":[0,0],"4":[0,1],"5":[1,1],"6":[2,0],"7":[2,1],"8":[2,0],"9":[0,0],"10":[1,0,0],"11":[1,1,1],"12":[1,0],"13":[1,1]},"f":{"1":1,"2":1,"3":1,"4":2},"fnMap":{"1":{"name":"(anonymous_1)","line":2,"loc":{"start":{"line":2,"column":46},"end":{"line":2,"column":87}}},"2":{"name":"(anonymous_2)","line":8,"loc":{"start":{"line":8,"column":46},"end":{"line":8,"column":62}}},"3":{"name":"(anonymous_3)","line":15,"loc":{"start":{"line":15,"column":21},"end":{"line":15,"column":33}}},"4":{"name":"FuckComponent","line":16,"loc":{"start":{"line":16,"column":4},"end":{"line":16,"column":29}}}},"statementMap":{"1":{"start":{"line":2,"column":0},"end":{"line":7,"column":2}},"2":{"start":{"line":3,"column":4},"end":{"line":3,"column":129}},"3":{"start":{"line":4,"column":4},"end":{"line":5,"column":150}},"4":{"start":{"line":4,"column":79},"end":{"line":4,"column":131}},"5":{"start":{"line":5,"column":9},"end":{"line":5,"column":150}},"6":{"start":{"line":5,"column":58},"end":{"line":5,"column":150}},"7":{"start":{"line":5,"column":81},"end":{"line":5,"column":150}},"8":{"start":{"line":6,"column":4},"end":{"line":6,"column":66}},"9":{"start":{"line":8,"column":0},"end":{"line":10,"column":2}},"10":{"start":{"line":9,"column":4},"end":{"line":9,"column":109}},"11":{"start":{"line":9,"column":79},"end":{"line":9,"column":109}},"12":{"start":{"line":14,"column":0},"end":{"line":14,"column":38}},"13":{"start":{"line":15,"column":0},"end":{"line":20,"column":5}},"14":{"start":{"line":16,"column":4},"end":{"line":18,"column":5}},"15":{"start":{"line":17,"column":8},"end":{"line":17,"column":30}},"16":{"start":{"line":19,"column":4},"end":{"line":19,"column":25}},"17":{"start":{"line":21,"column":0},"end":{"line":27,"column":18}},"18":{"start":{"line":28,"column":0},"end":{"line":28,"column":38}}},"branchMap":{"1":{"line":2,"type":"binary-expr","locations":[{"start":{"line":2,"column":18},"end":{"line":2,"column":22}},{"start":{"line":2,"column":26},"end":{"line":2,"column":41}},{"start":{"line":2,"column":46},"end":{"line":7,"column":1}}]},"2":{"line":3,"type":"cond-expr","locations":[{"start":{"line":3,"column":42},"end":{"line":3,"column":48}},{"start":{"line":3,"column":51},"end":{"line":3,"column":125}}]},"3":{"line":3,"type":"cond-expr","locations":[{"start":{"line":3,"column":67},"end":{"line":3,"column":118}},{"start":{"line":3,"column":121},"end":{"line":3,"column":125}}]},"4":{"line":4,"type":"if","locations":[{"start":{"line":4,"column":4},"end":{"line":4,"column":4}},{"start":{"line":4,"column":4},"end":{"line":4,"column":4}}]},"5":{"line":4,"type":"binary-expr","locations":[{"start":{"line":4,"column":8},"end":{"line":4,"column":35}},{"start":{"line":4,"column":39},"end":{"line":4,"column":77}}]},"6":{"line":5,"type":"if","locations":[{"start":{"line":5,"column":58},"end":{"line":5,"column":58}},{"start":{"line":5,"column":58},"end":{"line":5,"column":58}}]},"7":{"line":5,"type":"binary-expr","locations":[{"start":{"line":5,"column":86},"end":{"line":5,"column":143}},{"start":{"line":5,"column":148},"end":{"line":5,"column":149}}]},"8":{"line":5,"type":"cond-expr","locations":[{"start":{"line":5,"column":94},"end":{"line":5,"column":98}},{"start":{"line":5,"column":101},"end":{"line":5,"column":143}}]},"9":{"line":5,"type":"cond-expr","locations":[{"start":{"line":5,"column":109},"end":{"line":5,"column":126}},{"start":{"line":5,"column":129},"end":{"line":5,"column":143}}]},"10":{"line":6,"type":"binary-expr","locations":[{"start":{"line":6,"column":11},"end":{"line":6,"column":16}},{"start":{"line":6,"column":20},"end":{"line":6,"column":21}},{"start":{"line":6,"column":25},"end":{"line":6,"column":62}}]},"11":{"line":8,"type":"binary-expr","locations":[{"start":{"line":8,"column":18},"end":{"line":8,"column":22}},{"start":{"line":8,"column":26},"end":{"line":8,"column":41}},{"start":{"line":8,"column":46},"end":{"line":10,"column":1}}]},"12":{"line":9,"type":"if","locations":[{"start":{"line":9,"column":4},"end":{"line":9,"column":4}},{"start":{"line":9,"column":4},"end":{"line":9,"column":4}}]},"13":{"line":9,"type":"binary-expr","locations":[{"start":{"line":9,"column":8},"end":{"line":9,"column":35}},{"start":{"line":9,"column":39},"end":{"line":9,"column":77}}]}},"code":["/*","* http://usejsdoc.org/","*/","import { Component } from '@angular/core';","","@Component({","  selector: 'my-app',","  template: `<h1>Hello {{name}}</h1>`,","})","export class FuckComponent  { name = 'Angular'; }"],"l":{"2":1,"3":1,"4":1,"5":2,"6":1,"8":1,"9":1,"14":1,"15":1,"16":1,"17":2,"19":1,"21":1,"28":1}}}
